  02_Blending.cpp
C:\Users\Dio\Desktop\3D Graphics\FinalProject\FinalProject\GAME2012_Final\GAME2012_W13_Lecture\FirstExample\Shape.h(69,21): warning C4018: '<': signed/unsigned mismatch
C:\Users\Dio\Desktop\3D Graphics\FinalProject\FinalProject\GAME2012_Final\GAME2012_W13_Lecture\FirstExample\Shape.h(81,21): warning C4018: '<': signed/unsigned mismatch
C:\Users\Dio\Desktop\3D Graphics\FinalProject\FinalProject\GAME2012_Final\GAME2012_W13_Lecture\FirstExample\Shape.h(155,30): warning C4244: 'argument': conversion from 'int' to 'const _Ty', possible loss of data
          with
          [
              _Ty=GLfloat
          ]
C:\Users\Dio\Desktop\3D Graphics\FinalProject\FinalProject\GAME2012_Final\GAME2012_W13_Lecture\FirstExample\Shape.h(156,30): warning C4244: 'argument': conversion from 'int' to 'const _Ty', possible loss of data
          with
          [
              _Ty=GLfloat
          ]
C:\Users\Dio\Desktop\3D Graphics\FinalProject\FinalProject\GAME2012_Final\GAME2012_W13_Lecture\FirstExample\Shape.h(201,21): warning C4018: '<': signed/unsigned mismatch
C:\Users\Dio\Desktop\3D Graphics\FinalProject\FinalProject\GAME2012_Final\GAME2012_W13_Lecture\FirstExample\Shape.h(458,1): warning C4244: '+=': conversion from 'double' to 'float', possible loss of data
C:\Users\Dio\Desktop\3D Graphics\FinalProject\FinalProject\GAME2012_Final\GAME2012_W13_Lecture\FirstExample\Shape.h(469,1): warning C4244: '+=': conversion from 'double' to 'float', possible loss of data
C:\Users\Dio\Desktop\3D Graphics\FinalProject\FinalProject\GAME2012_Final\GAME2012_W13_Lecture\FirstExample\Shape.h(511,21): warning C4018: '<': signed/unsigned mismatch
C:\Users\Dio\Desktop\3D Graphics\FinalProject\FinalProject\GAME2012_Final\GAME2012_W13_Lecture\FirstExample\Shape.h(535,1): warning C4244: '+=': conversion from 'double' to 'float', possible loss of data
C:\Users\Dio\Desktop\3D Graphics\FinalProject\FinalProject\GAME2012_Final\GAME2012_W13_Lecture\FirstExample\Shape.h(561,21): warning C4018: '<': signed/unsigned mismatch
C:\Users\Dio\Desktop\3D Graphics\FinalProject\FinalProject\GAME2012_Final\GAME2012_W13_Lecture\FirstExample\02_Blending.cpp(255,23): warning C4305: 'argument': truncation from 'double' to 'GLfloat'
  FirstExample.vcxproj -> C:\Users\Dio\Desktop\3D Graphics\FinalProject\FinalProject\GAME2012_Final\GAME2012_W13_Lecture\Debug\FirstExample.exe
